<?xml version="1.0" encoding="UTF-8"?>
<!-- Generated by org.testng.reporters.JUnitXMLReporter -->
<testsuite ignored="1" hostname="Asus-PC" failures="0" tests="1" name="Default test" time="10.108" errors="0" timestamp="2022-08-22T12:35:09 IST">
  <testcase classname="TestCases.SoftAssertionTest" name="softassertion" time="0.126"/>
  <testcase classname="TestCases.SoftAssertionTest" name="hardasserion" time="0.0">
    <ignored/>
  </testcase> <!-- hardasserion -->
</testsuite> <!-- Default test -->
