<?xml version="1.0" encoding="UTF-8"?>
<!-- Generated by org.testng.reporters.JUnitXMLReporter -->
<testsuite ignored="0" hostname="Asus-PC" failures="1" tests="1" name="Default test(failed)(failed)" time="20.872" errors="0" timestamp="2022-08-07T19:25:03 IST">
  <testcase classname="TestCases.LoginPageTest" name="ZerodhaLoginAppTest" time="0.023">
    <failure type="java.lang.NullPointerException" message="Cannot invoke &amp;quot;org.openqa.selenium.WebElement.sendKeys(java.lang.CharSequence[])&amp;quot; because &amp;quot;this.UserIDText&amp;quot; is null">
      <![CDATA[java.lang.NullPointerException: Cannot invoke "org.openqa.selenium.WebElement.sendKeys(java.lang.CharSequence[])" because "this.UserIDText" is null
at Pages.LoginPage.LoginZerodhaApp(LoginPage.java:37)
at TestCases.LoginPageTest.ZerodhaLoginAppTest(LoginPageTest.java:35)
at java.base/java.util.ArrayList.forEach(ArrayList.java:1511)
... Removed 25 stack frames]]>
    </failure>
  </testcase> <!-- ZerodhaLoginAppTest -->
</testsuite> <!-- Default test(failed)(failed) -->
